  Article.cpp
  Date.cpp
  Department.cpp
C:\Users\itayr\OneDrive\Desktop\second year\cpp\hospital\Hospital2\Department.cpp(99,26): warning C4267: 'return': conversion from 'size_t' to 'int', possible loss of data
C:\Users\itayr\OneDrive\Desktop\second year\cpp\hospital\Hospital2\Department.cpp(115,25): warning C4267: 'return': conversion from 'size_t' to 'int', possible loss of data
C:\Users\itayr\OneDrive\Desktop\second year\cpp\hospital\Hospital2\Department.cpp(131,27): warning C4267: 'return': conversion from 'size_t' to 'int', possible loss of data
  Doctor.cpp
  DoctorResearcher.cpp
  Employee.cpp
  Hospital.cpp
C:\Users\itayr\OneDrive\Desktop\second year\cpp\hospital\Hospital2\Hospital.cpp(59,30): warning C4267: 'return': conversion from 'size_t' to 'int', possible loss of data
C:\Users\itayr\OneDrive\Desktop\second year\cpp\hospital\Hospital2\Hospital.cpp(358,27): warning C4267: 'return': conversion from 'size_t' to 'int', possible loss of data
  main.cpp
C:\Users\itayr\OneDrive\Desktop\second year\cpp\hospital\Hospital2\main.cpp(228,60): warning C4101: 'v_y': unreferenced local variable
C:\Users\itayr\OneDrive\Desktop\second year\cpp\hospital\Hospital2\main.cpp(228,35): warning C4101: 'B_d': unreferenced local variable
C:\Users\itayr\OneDrive\Desktop\second year\cpp\hospital\Hospital2\main.cpp(228,45): warning C4101: 'B_y': unreferenced local variable
C:\Users\itayr\OneDrive\Desktop\second year\cpp\hospital\Hospital2\main.cpp(228,55): warning C4101: 'v_m': unreferenced local variable
C:\Users\itayr\OneDrive\Desktop\second year\cpp\hospital\Hospital2\main.cpp(228,40): warning C4101: 'B_m': unreferenced local variable
C:\Users\itayr\OneDrive\Desktop\second year\cpp\hospital\Hospital2\main.cpp(228,50): warning C4101: 'v_d': unreferenced local variable
C:\Users\itayr\OneDrive\Desktop\second year\cpp\hospital\Hospital2\main.cpp(437,10): warning C4101: 'm': unreferenced local variable
C:\Users\itayr\OneDrive\Desktop\second year\cpp\hospital\Hospital2\main.cpp(437,13): warning C4101: 'y': unreferenced local variable
C:\Users\itayr\OneDrive\Desktop\second year\cpp\hospital\Hospital2\main.cpp(437,7): warning C4101: 'd': unreferenced local variable
C:\Users\itayr\OneDrive\Desktop\second year\cpp\hospital\Hospital2\main.cpp(478,24): warning C4101: 'msg': unreferenced local variable
  Nurse.cpp
  Patient.cpp
C:\Users\itayr\OneDrive\Desktop\second year\cpp\hospital\Hospital2\Patient.cpp(84,27): warning C4267: 'return': conversion from 'size_t' to 'const int', possible loss of data
  Person.cpp
  Researcher.cpp
  ResearchInstitute.cpp
C:\Users\itayr\OneDrive\Desktop\second year\cpp\hospital\Hospital2\ResearchInstitute.cpp(25,20): warning C4267: 'return': conversion from 'size_t' to 'int', possible loss of data
  Surgeon.cpp
  SurgeonResearcher.cpp
  SurgeryVisit.cpp
  VisitCard.cpp
  Generating Code...
  Hospital2.vcxproj -> C:\Users\itayr\OneDrive\Desktop\second year\cpp\hospital\Hospital2\x64\Debug\Hospital2.exe
